Stabl progress:   0%|[38;2;0;26;123m          [0m| 0/30 [00:00<?, ?it/s]Stabl progress:   3%|[38;2;0;26;123mâ–Ž         [0m| 1/30 [00:12<05:57, 12.34s/it]Stabl progress:   7%|[38;2;0;26;123mâ–‹         [0m| 2/30 [00:34<08:25, 18.06s/it]Stabl progress:  10%|[38;2;0;26;123mâ–ˆ         [0m| 3/30 [01:02<10:07, 22.52s/it]Stabl progress:  13%|[38;2;0;26;123mâ–ˆâ–Ž        [0m| 4/30 [01:32<11:05, 25.60s/it]Stabl progress:  17%|[38;2;0;26;123mâ–ˆâ–‹        [0m| 5/30 [02:06<11:51, 28.47s/it]Stabl progress:  20%|[38;2;0;26;123mâ–ˆâ–ˆ        [0m| 6/30 [02:42<12:24, 31.02s/it]Stabl progress:  23%|[38;2;0;26;123mâ–ˆâ–ˆâ–Ž       [0m| 7/30 [03:20<12:46, 33.34s/it]Stabl progress:  27%|[38;2;0;26;123mâ–ˆâ–ˆâ–‹       [0m| 8/30 [03:59<12:55, 35.27s/it]Stabl progress:  30%|[38;2;0;26;123mâ–ˆâ–ˆâ–ˆ       [0m| 9/30 [04:41<13:03, 37.31s/it]Stabl progress:  33%|[38;2;0;26;123mâ–ˆâ–ˆâ–ˆâ–Ž      [0m| 10/30 [05:25<13:08, 39.42s/it]Stabl progress:  37%|[38;2;0;26;123mâ–ˆâ–ˆâ–ˆâ–‹      [0m| 11/30 [06:08<12:52, 40.64s/it]Stabl progress:  40%|[38;2;0;26;123mâ–ˆâ–ˆâ–ˆâ–ˆ      [0m| 12/30 [06:52<12:29, 41.62s/it]Stabl progress:  43%|[38;2;0;26;123mâ–ˆâ–ˆâ–ˆâ–ˆâ–Ž     [0m| 13/30 [07:37<12:02, 42.51s/it]Stabl progress:  47%|[38;2;0;26;123mâ–ˆâ–ˆâ–ˆâ–ˆâ–‹     [0m| 14/30 [08:25<11:46, 44.14s/it]Stabl progress:  50%|[38;2;0;26;123mâ–ˆâ–ˆâ–ˆâ–ˆâ–ˆ     [0m| 15/30 [09:10<11:06, 44.41s/it]Stabl progress:  53%|[38;2;0;26;123mâ–ˆâ–ˆâ–ˆâ–ˆâ–ˆâ–Ž    [0m| 16/30 [09:54<10:20, 44.33s/it]Stabl progress:  57%|[38;2;0;26;123mâ–ˆâ–ˆâ–ˆâ–ˆâ–ˆâ–‹    [0m| 17/30 [10:39<09:37, 44.41s/it]Stabl progress:  60%|[38;2;0;26;123mâ–ˆâ–ˆâ–ˆâ–ˆâ–ˆâ–ˆ    [0m| 18/30 [11:24<08:55, 44.61s/it]Stabl progress:  63%|[38;2;0;26;123mâ–ˆâ–ˆâ–ˆâ–ˆâ–ˆâ–ˆâ–Ž   [0m| 19/30 [12:09<08:12, 44.78s/it]Stabl progress:  67%|[38;2;0;26;123mâ–ˆâ–ˆâ–ˆâ–ˆâ–ˆâ–ˆâ–‹   [0m| 20/30 [12:54<07:30, 45.03s/it]Stabl progress:  70%|[38;2;0;26;123mâ–ˆâ–ˆâ–ˆâ–ˆâ–ˆâ–ˆâ–ˆ   [0m| 21/30 [13:41<06:48, 45.35s/it]Stabl progress:  73%|[38;2;0;26;123mâ–ˆâ–ˆâ–ˆâ–ˆâ–ˆâ–ˆâ–ˆâ–Ž  [0m| 22/30 [14:27<06:04, 45.55s/it]Stabl progress:  77%|[38;2;0;26;123mâ–ˆâ–ˆâ–ˆâ–ˆâ–ˆâ–ˆâ–ˆâ–‹  [0m| 23/30 [15:13<05:20, 45.73s/it]Stabl progress:  80%|[38;2;0;26;123mâ–ˆâ–ˆâ–ˆâ–ˆâ–ˆâ–ˆâ–ˆâ–ˆ  [0m| 24/30 [15:59<04:35, 45.99s/it]Stabl progress:  83%|[38;2;0;26;123mâ–ˆâ–ˆâ–ˆâ–ˆâ–ˆâ–ˆâ–ˆâ–ˆâ–Ž [0m| 25/30 [16:45<03:49, 45.94s/it]Stabl progress:  87%|[38;2;0;26;123mâ–ˆâ–ˆâ–ˆâ–ˆâ–ˆâ–ˆâ–ˆâ–ˆâ–‹ [0m| 26/30 [17:31<03:03, 45.89s/it]Stabl progress:  90%|[38;2;0;26;123mâ–ˆâ–ˆâ–ˆâ–ˆâ–ˆâ–ˆâ–ˆâ–ˆâ–ˆ [0m| 27/30 [18:17<02:17, 45.93s/it]Stabl progress:  93%|[38;2;0;26;123mâ–ˆâ–ˆâ–ˆâ–ˆâ–ˆâ–ˆâ–ˆâ–ˆâ–ˆâ–Ž[0m| 28/30 [19:03<01:32, 46.02s/it]Stabl progress:  97%|[38;2;0;26;123mâ–ˆâ–ˆâ–ˆâ–ˆâ–ˆâ–ˆâ–ˆâ–ˆâ–ˆâ–‹[0m| 29/30 [19:50<00:46, 46.13s/it]Stabl progress: 100%|[38;2;0;26;123mâ–ˆâ–ˆâ–ˆâ–ˆâ–ˆâ–ˆâ–ˆâ–ˆâ–ˆâ–ˆ[0m| 30/30 [20:36<00:00, 46.24s/it]                                                               Stabl progress:   0%|[38;2;0;26;123m          [0m| 0/30 [00:00<?, ?it/s]Stabl progress:   3%|[38;2;0;26;123mâ–Ž         [0m| 1/30 [00:05<02:41,  5.57s/it]Stabl progress:   7%|[38;2;0;26;123mâ–‹         [0m| 2/30 [00:15<03:44,  8.01s/it]Stabl progress:  10%|[38;2;0;26;123mâ–ˆ         [0m| 3/30 [00:26<04:15,  9.47s/it]Stabl progress:  13%|[38;2;0;26;123mâ–ˆâ–Ž        [0m| 4/30 [00:38<04:29, 10.36s/it]Stabl progress:  17%|[38;2;0;26;123mâ–ˆâ–‹        [0m| 5/30 [00:50<04:37, 11.12s/it]Stabl progress:  20%|[38;2;0;26;123mâ–ˆâ–ˆ        [0m| 6/30 [01:04<04:47, 11.98s/it]Stabl progress:  23%|[38;2;0;26;123mâ–ˆâ–ˆâ–Ž       [0m| 7/30 [01:19<04:57, 12.92s/it]Stabl progress:  27%|[38;2;0;26;123mâ–ˆâ–ˆâ–‹       [0m| 8/30 [01:35<05:11, 14.14s/it]Stabl progress:  30%|[38;2;0;26;123mâ–ˆâ–ˆâ–ˆ       [0m| 9/30 [01:54<05:23, 15.41s/it]Stabl progress:  33%|[38;2;0;26;123mâ–ˆâ–ˆâ–ˆâ–Ž      [0m| 10/30 [02:12<05:27, 16.38s/it]Stabl progress:  37%|[38;2;0;26;123mâ–ˆâ–ˆâ–ˆâ–‹      [0m| 11/30 [02:32<05:28, 17.29s/it]Stabl progress:  40%|[38;2;0;26;123mâ–ˆâ–ˆâ–ˆâ–ˆ      [0m| 12/30 [02:52<05:26, 18.16s/it]Stabl progress:  43%|[38;2;0;26;123mâ–ˆâ–ˆâ–ˆâ–ˆâ–Ž     [0m| 13/30 [03:13<05:23, 19.01s/it]Stabl progress:  47%|[38;2;0;26;123mâ–ˆâ–ˆâ–ˆâ–ˆâ–‹     [0m| 14/30 [03:34<05:17, 19.84s/it]Stabl progress:  50%|[38;2;0;26;123mâ–ˆâ–ˆâ–ˆâ–ˆâ–ˆ     [0m| 15/30 [03:56<05:07, 20.49s/it]Stabl progress:  53%|[38;2;0;26;123mâ–ˆâ–ˆâ–ˆâ–ˆâ–ˆâ–Ž    [0m| 16/30 [04:19<04:55, 21.08s/it]Stabl progress:  57%|[38;2;0;26;123mâ–ˆâ–ˆâ–ˆâ–ˆâ–ˆâ–‹    [0m| 17/30 [04:42<04:42, 21.72s/it]Stabl progress:  60%|[38;2;0;26;123mâ–ˆâ–ˆâ–ˆâ–ˆâ–ˆâ–ˆ    [0m| 18/30 [05:05<04:26, 22.23s/it]Stabl progress:  63%|[38;2;0;26;123mâ–ˆâ–ˆâ–ˆâ–ˆâ–ˆâ–ˆâ–Ž   [0m| 19/30 [05:29<04:09, 22.71s/it]Stabl progress:  67%|[38;2;0;26;123mâ–ˆâ–ˆâ–ˆâ–ˆâ–ˆâ–ˆâ–‹   [0m| 20/30 [05:53<03:50, 23.09s/it]Stabl progress:  70%|[38;2;0;26;123mâ–ˆâ–ˆâ–ˆâ–ˆâ–ˆâ–ˆâ–ˆ   [0m| 21/30 [06:18<03:31, 23.45s/it]Stabl progress:  73%|[38;2;0;26;123mâ–ˆâ–ˆâ–ˆâ–ˆâ–ˆâ–ˆâ–ˆâ–Ž  [0m| 22/30 [06:42<03:10, 23.77s/it]Stabl progress:  77%|[38;2;0;26;123mâ–ˆâ–ˆâ–ˆâ–ˆâ–ˆâ–ˆâ–ˆâ–‹  [0m| 23/30 [07:07<02:48, 24.07s/it]Stabl progress:  80%|[38;2;0;26;123mâ–ˆâ–ˆâ–ˆâ–ˆâ–ˆâ–ˆâ–ˆâ–ˆ  [0m| 24/30 [07:32<02:25, 24.25s/it]Stabl progress:  83%|[38;2;0;26;123mâ–ˆâ–ˆâ–ˆâ–ˆâ–ˆâ–ˆâ–ˆâ–ˆâ–Ž [0m| 25/30 [07:56<02:02, 24.47s/it]Stabl progress:  87%|[38;2;0;26;123mâ–ˆâ–ˆâ–ˆâ–ˆâ–ˆâ–ˆâ–ˆâ–ˆâ–‹ [0m| 26/30 [08:22<01:38, 24.69s/it]Stabl progress:  90%|[38;2;0;26;123mâ–ˆâ–ˆâ–ˆâ–ˆâ–ˆâ–ˆâ–ˆâ–ˆâ–ˆ [0m| 27/30 [08:47<01:14, 24.93s/it]Stabl progress:  93%|[38;2;0;26;123mâ–ˆâ–ˆâ–ˆâ–ˆâ–ˆâ–ˆâ–ˆâ–ˆâ–ˆâ–Ž[0m| 28/30 [09:13<00:50, 25.17s/it]Stabl progress:  97%|[38;2;0;26;123mâ–ˆâ–ˆâ–ˆâ–ˆâ–ˆâ–ˆâ–ˆâ–ˆâ–ˆâ–‹[0m| 29/30 [09:39<00:25, 25.39s/it]Stabl progress: 100%|[38;2;0;26;123mâ–ˆâ–ˆâ–ˆâ–ˆâ–ˆâ–ˆâ–ˆâ–ˆâ–ˆâ–ˆ[0m| 30/30 [10:05<00:00, 25.57s/it]                                                               Stabl progress:   0%|[38;2;0;26;123m          [0m| 0/30 [00:00<?, ?it/s]Stabl progress:   3%|[38;2;0;26;123mâ–Ž         [0m| 1/30 [00:01<00:40,  1.39s/it]Stabl progress:   7%|[38;2;0;26;123mâ–‹         [0m| 2/30 [00:02<00:40,  1.45s/it]Stabl progress:  10%|[38;2;0;26;123mâ–ˆ         [0m| 3/30 [00:04<00:41,  1.54s/it]Stabl progress:  13%|[38;2;0;26;123mâ–ˆâ–Ž        [0m| 4/30 [00:05<00:39,  1.51s/it]Stabl progress:  17%|[38;2;0;26;123mâ–ˆâ–‹        [0m| 5/30 [00:07<00:37,  1.51s/it]Stabl progress:  20%|[38;2;0;26;123mâ–ˆâ–ˆ        [0m| 6/30 [00:09<00:36,  1.53s/it]Stabl progress:  23%|[38;2;0;26;123mâ–ˆâ–ˆâ–Ž       [0m| 7/30 [00:10<00:35,  1.54s/it]Stabl progress:  27%|[38;2;0;26;123mâ–ˆâ–ˆâ–‹       [0m| 8/30 [00:12<00:34,  1.58s/it]Stabl progress:  30%|[38;2;0;26;123mâ–ˆâ–ˆâ–ˆ       [0m| 9/30 [00:13<00:33,  1.58s/it]Stabl progress:  33%|[38;2;0;26;123mâ–ˆâ–ˆâ–ˆâ–Ž      [0m| 10/30 [00:15<00:31,  1.56s/it]Stabl progress:  37%|[38;2;0;26;123mâ–ˆâ–ˆâ–ˆâ–‹      [0m| 11/30 [00:16<00:29,  1.55s/it]Stabl progress:  40%|[38;2;0;26;123mâ–ˆâ–ˆâ–ˆâ–ˆ      [0m| 12/30 [00:18<00:27,  1.55s/it]Stabl progress:  43%|[38;2;0;26;123mâ–ˆâ–ˆâ–ˆâ–ˆâ–Ž     [0m| 13/30 [00:20<00:26,  1.57s/it]Stabl progress:  47%|[38;2;0;26;123mâ–ˆâ–ˆâ–ˆâ–ˆâ–‹     [0m| 14/30 [00:21<00:25,  1.60s/it]Stabl progress:  50%|[38;2;0;26;123mâ–ˆâ–ˆâ–ˆâ–ˆâ–ˆ     [0m| 15/30 [00:23<00:24,  1.61s/it]Stabl progress:  53%|[38;2;0;26;123mâ–ˆâ–ˆâ–ˆâ–ˆâ–ˆâ–Ž    [0m| 16/30 [00:24<00:22,  1.60s/it]Stabl progress:  57%|[38;2;0;26;123mâ–ˆâ–ˆâ–ˆâ–ˆâ–ˆâ–‹    [0m| 17/30 [00:26<00:20,  1.60s/it]Stabl progress:  60%|[38;2;0;26;123mâ–ˆâ–ˆâ–ˆâ–ˆâ–ˆâ–ˆ    [0m| 18/30 [00:28<00:19,  1.62s/it]Stabl progress:  63%|[38;2;0;26;123mâ–ˆâ–ˆâ–ˆâ–ˆâ–ˆâ–ˆâ–Ž   [0m| 19/30 [00:29<00:17,  1.62s/it]Stabl progress:  67%|[38;2;0;26;123mâ–ˆâ–ˆâ–ˆâ–ˆâ–ˆâ–ˆâ–‹   [0m| 20/30 [00:31<00:16,  1.63s/it]Stabl progress:  70%|[38;2;0;26;123mâ–ˆâ–ˆâ–ˆâ–ˆâ–ˆâ–ˆâ–ˆ   [0m| 21/30 [00:33<00:14,  1.65s/it]Stabl progress:  73%|[38;2;0;26;123mâ–ˆâ–ˆâ–ˆâ–ˆâ–ˆâ–ˆâ–ˆâ–Ž  [0m| 22/30 [00:35<00:13,  1.69s/it]Stabl progress:  77%|[38;2;0;26;123mâ–ˆâ–ˆâ–ˆâ–ˆâ–ˆâ–ˆâ–ˆâ–‹  [0m| 23/30 [00:36<00:11,  1.69s/it]Stabl progress:  80%|[38;2;0;26;123mâ–ˆâ–ˆâ–ˆâ–ˆâ–ˆâ–ˆâ–ˆâ–ˆ  [0m| 24/30 [00:38<00:09,  1.66s/it]Stabl progress:  83%|[38;2;0;26;123mâ–ˆâ–ˆâ–ˆâ–ˆâ–ˆâ–ˆâ–ˆâ–ˆâ–Ž [0m| 25/30 [00:39<00:08,  1.66s/it]Stabl progress:  87%|[38;2;0;26;123mâ–ˆâ–ˆâ–ˆâ–ˆâ–ˆâ–ˆâ–ˆâ–ˆâ–‹ [0m| 26/30 [00:41<00:06,  1.68s/it]Stabl progress:  90%|[38;2;0;26;123mâ–ˆâ–ˆâ–ˆâ–ˆâ–ˆâ–ˆâ–ˆâ–ˆâ–ˆ [0m| 27/30 [00:43<00:05,  1.69s/it]Stabl progress:  93%|[38;2;0;26;123mâ–ˆâ–ˆâ–ˆâ–ˆâ–ˆâ–ˆâ–ˆâ–ˆâ–ˆâ–Ž[0m| 28/30 [00:45<00:03,  1.69s/it]Stabl progress:  97%|[38;2;0;26;123mâ–ˆâ–ˆâ–ˆâ–ˆâ–ˆâ–ˆâ–ˆâ–ˆâ–ˆâ–‹[0m| 29/30 [00:46<00:01,  1.69s/it]Stabl progress: 100%|[38;2;0;26;123mâ–ˆâ–ˆâ–ˆâ–ˆâ–ˆâ–ˆâ–ˆâ–ˆâ–ˆâ–ˆ[0m| 30/30 [00:48<00:00,  1.69s/it]                                                               Stabl progress:   0%|[38;2;0;26;123m          [0m| 0/30 [00:00<?, ?it/s]Stabl progress:   3%|[38;2;0;26;123mâ–Ž         [0m| 1/30 [00:01<00:41,  1.45s/it]Stabl progress:   7%|[38;2;0;26;123mâ–‹         [0m| 2/30 [00:03<00:44,  1.58s/it]Stabl progress:  10%|[38;2;0;26;123mâ–ˆ         [0m| 3/30 [00:04<00:43,  1.59s/it]Stabl progress:  13%|[38;2;0;26;123mâ–ˆâ–Ž        [0m| 4/30 [00:06<00:41,  1.60s/it]Stabl progress:  17%|[38;2;0;26;123mâ–ˆâ–‹        [0m| 5/30 [00:08<00:40,  1.63s/it]Stabl progress:  20%|[38;2;0;26;123mâ–ˆâ–ˆ        [0m| 6/30 [00:09<00:39,  1.65s/it]Stabl progress:  23%|[38;2;0;26;123mâ–ˆâ–ˆâ–Ž       [0m| 7/30 [00:11<00:38,  1.66s/it]Stabl progress:  27%|[38;2;0;26;123mâ–ˆâ–ˆâ–‹       [0m| 8/30 [00:13<00:36,  1.66s/it]Stabl progress:  30%|[38;2;0;26;123mâ–ˆâ–ˆâ–ˆ       [0m| 9/30 [00:14<00:34,  1.65s/it]Stabl progress:  33%|[38;2;0;26;123mâ–ˆâ–ˆâ–ˆâ–Ž      [0m| 10/30 [00:16<00:32,  1.65s/it]Stabl progress:  37%|[38;2;0;26;123mâ–ˆâ–ˆâ–ˆâ–‹      [0m| 11/30 [00:17<00:31,  1.64s/it]Stabl progress:  40%|[38;2;0;26;123mâ–ˆâ–ˆâ–ˆâ–ˆ      [0m| 12/30 [00:19<00:29,  1.65s/it]Stabl progress:  43%|[38;2;0;26;123mâ–ˆâ–ˆâ–ˆâ–ˆâ–Ž     [0m| 13/30 [00:21<00:28,  1.65s/it]Stabl progress:  47%|[38;2;0;26;123mâ–ˆâ–ˆâ–ˆâ–ˆâ–‹     [0m| 14/30 [00:22<00:26,  1.64s/it]Stabl progress:  50%|[38;2;0;26;123mâ–ˆâ–ˆâ–ˆâ–ˆâ–ˆ     [0m| 15/30 [00:24<00:24,  1.66s/it]Stabl progress:  53%|[38;2;0;26;123mâ–ˆâ–ˆâ–ˆâ–ˆâ–ˆâ–Ž    [0m| 16/30 [00:26<00:22,  1.64s/it]Stabl progress:  57%|[38;2;0;26;123mâ–ˆâ–ˆâ–ˆâ–ˆâ–ˆâ–‹    [0m| 17/30 [00:27<00:21,  1.64s/it]Stabl progress:  60%|[38;2;0;26;123mâ–ˆâ–ˆâ–ˆâ–ˆâ–ˆâ–ˆ    [0m| 18/30 [00:29<00:19,  1.65s/it]Stabl progress:  63%|[38;2;0;26;123mâ–ˆâ–ˆâ–ˆâ–ˆâ–ˆâ–ˆâ–Ž   [0m| 19/30 [00:31<00:18,  1.65s/it]Stabl progress:  67%|[38;2;0;26;123mâ–ˆâ–ˆâ–ˆâ–ˆâ–ˆâ–ˆâ–‹   [0m| 20/30 [00:32<00:16,  1.65s/it]Stabl progress:  70%|[38;2;0;26;123mâ–ˆâ–ˆâ–ˆâ–ˆâ–ˆâ–ˆâ–ˆ   [0m| 21/30 [00:34<00:14,  1.66s/it]Stabl progress:  73%|[38;2;0;26;123mâ–ˆâ–ˆâ–ˆâ–ˆâ–ˆâ–ˆâ–ˆâ–Ž  [0m| 22/30 [00:36<00:13,  1.66s/it]Stabl progress:  77%|[38;2;0;26;123mâ–ˆâ–ˆâ–ˆâ–ˆâ–ˆâ–ˆâ–ˆâ–‹  [0m| 23/30 [00:37<00:11,  1.66s/it]Stabl progress:  80%|[38;2;0;26;123mâ–ˆâ–ˆâ–ˆâ–ˆâ–ˆâ–ˆâ–ˆâ–ˆ  [0m| 24/30 [00:39<00:09,  1.66s/it]Stabl progress:  83%|[38;2;0;26;123mâ–ˆâ–ˆâ–ˆâ–ˆâ–ˆâ–ˆâ–ˆâ–ˆâ–Ž [0m| 25/30 [00:41<00:08,  1.67s/it]Stabl progress:  87%|[38;2;0;26;123mâ–ˆâ–ˆâ–ˆâ–ˆâ–ˆâ–ˆâ–ˆâ–ˆâ–‹ [0m| 26/30 [00:42<00:06,  1.67s/it]Stabl progress:  90%|[38;2;0;26;123mâ–ˆâ–ˆâ–ˆâ–ˆâ–ˆâ–ˆâ–ˆâ–ˆâ–ˆ [0m| 27/30 [00:44<00:05,  1.68s/it]Stabl progress:  93%|[38;2;0;26;123mâ–ˆâ–ˆâ–ˆâ–ˆâ–ˆâ–ˆâ–ˆâ–ˆâ–ˆâ–Ž[0m| 28/30 [00:46<00:03,  1.66s/it]Stabl progress:  97%|[38;2;0;26;123mâ–ˆâ–ˆâ–ˆâ–ˆâ–ˆâ–ˆâ–ˆâ–ˆâ–ˆâ–‹[0m| 29/30 [00:47<00:01,  1.68s/it]Stabl progress: 100%|[38;2;0;26;123mâ–ˆâ–ˆâ–ˆâ–ˆâ–ˆâ–ˆâ–ˆâ–ˆâ–ˆâ–ˆ[0m| 30/30 [00:49<00:00,  1.68s/it]                                                               Stabl progress:   0%|[38;2;0;26;123m          [0m| 0/30 [00:00<?, ?it/s]Stabl progress:   3%|[38;2;0;26;123mâ–Ž         [0m| 1/30 [00:09<04:41,  9.71s/it]Stabl progress:   7%|[38;2;0;26;123mâ–‹         [0m| 2/30 [00:27<06:41, 14.35s/it]Stabl progress:  10%|[38;2;0;26;123mâ–ˆ         [0m| 3/30 [00:47<07:38, 16.97s/it]Stabl progress:  13%|[38;2;0;26;123mâ–ˆâ–Ž        [0m| 4/30 [01:09<08:09, 18.84s/it]Stabl progress:  17%|[38;2;0;26;123mâ–ˆâ–‹        [0m| 5/30 [01:37<09:15, 22.22s/it]Stabl progress:  20%|[38;2;0;26;123mâ–ˆâ–ˆ        [0m| 6/30 [02:10<10:20, 25.87s/it]Stabl progress:  23%|[38;2;0;26;123mâ–ˆâ–ˆâ–Ž       [0m| 7/30 [02:46<11:09, 29.12s/it]Stabl progress:  27%|[38;2;0;26;123mâ–ˆâ–ˆâ–‹       [0m| 8/30 [03:24<11:43, 31.99s/it]Stabl progress:  30%|[38;2;0;26;123mâ–ˆâ–ˆâ–ˆ       [0m| 9/30 [04:03<12:01, 34.35s/it]Stabl progress:  33%|[38;2;0;26;123mâ–ˆâ–ˆâ–ˆâ–Ž      [0m| 10/30 [04:44<12:07, 36.37s/it]Stabl progress:  37%|[38;2;0;26;123mâ–ˆâ–ˆâ–ˆâ–‹      [0m| 11/30 [05:26<12:02, 38.02s/it]Stabl progress:  40%|[38;2;0;26;123mâ–ˆâ–ˆâ–ˆâ–ˆ      [0m| 12/30 [06:07<11:43, 39.10s/it]Stabl progress:  43%|[38;2;0;26;123mâ–ˆâ–ˆâ–ˆâ–ˆâ–Ž     [0m| 13/30 [06:50<11:20, 40.04s/it]Stabl progress:  47%|[38;2;0;26;123mâ–ˆâ–ˆâ–ˆâ–ˆâ–‹     [0m| 14/30 [07:32<10:49, 40.58s/it]Stabl progress:  50%|[38;2;0;26;123mâ–ˆâ–ˆâ–ˆâ–ˆâ–ˆ     [0m| 15/30 [08:14<10:16, 41.09s/it]Stabl progress:  53%|[38;2;0;26;123mâ–ˆâ–ˆâ–ˆâ–ˆâ–ˆâ–Ž    [0m| 16/30 [08:56<09:41, 41.55s/it]Stabl progress:  57%|[38;2;0;26;123mâ–ˆâ–ˆâ–ˆâ–ˆâ–ˆâ–‹    [0m| 17/30 [09:39<09:06, 42.01s/it]Stabl progress:  60%|[38;2;0;26;123mâ–ˆâ–ˆâ–ˆâ–ˆâ–ˆâ–ˆ    [0m| 18/30 [10:22<08:27, 42.28s/it]Stabl progress:  63%|[38;2;0;26;123mâ–ˆâ–ˆâ–ˆâ–ˆâ–ˆâ–ˆâ–Ž   [0m| 19/30 [11:06<07:48, 42.57s/it]Stabl progress:  67%|[38;2;0;26;123mâ–ˆâ–ˆâ–ˆâ–ˆâ–ˆâ–ˆâ–‹   [0m| 20/30 [11:49<07:08, 42.81s/it]Stabl progress:  70%|[38;2;0;26;123mâ–ˆâ–ˆâ–ˆâ–ˆâ–ˆâ–ˆâ–ˆ   [0m| 21/30 [12:33<06:27, 43.05s/it]Stabl progress:  73%|[38;2;0;26;123mâ–ˆâ–ˆâ–ˆâ–ˆâ–ˆâ–ˆâ–ˆâ–Ž  [0m| 22/30 [13:17<05:46, 43.34s/it]Stabl progress:  77%|[38;2;0;26;123mâ–ˆâ–ˆâ–ˆâ–ˆâ–ˆâ–ˆâ–ˆâ–‹  [0m| 23/30 [14:01<05:05, 43.63s/it]Stabl progress:  80%|[38;2;0;26;123mâ–ˆâ–ˆâ–ˆâ–ˆâ–ˆâ–ˆâ–ˆâ–ˆ  [0m| 24/30 [14:45<04:22, 43.83s/it]Stabl progress:  83%|[38;2;0;26;123mâ–ˆâ–ˆâ–ˆâ–ˆâ–ˆâ–ˆâ–ˆâ–ˆâ–Ž [0m| 25/30 [15:30<03:39, 43.96s/it]Stabl progress:  87%|[38;2;0;26;123mâ–ˆâ–ˆâ–ˆâ–ˆâ–ˆâ–ˆâ–ˆâ–ˆâ–‹ [0m| 26/30 [16:14<02:56, 44.16s/it]Stabl progress:  90%|[38;2;0;26;123mâ–ˆâ–ˆâ–ˆâ–ˆâ–ˆâ–ˆâ–ˆâ–ˆâ–ˆ [0m| 27/30 [16:59<02:13, 44.35s/it]Stabl progress:  93%|[38;2;0;26;123mâ–ˆâ–ˆâ–ˆâ–ˆâ–ˆâ–ˆâ–ˆâ–ˆâ–ˆâ–Ž[0m| 28/30 [17:44<01:28, 44.46s/it]Stabl progress:  97%|[38;2;0;26;123mâ–ˆâ–ˆâ–ˆâ–ˆâ–ˆâ–ˆâ–ˆâ–ˆâ–ˆâ–‹[0m| 29/30 [18:28<00:44, 44.48s/it]Stabl progress: 100%|[38;2;0;26;123mâ–ˆâ–ˆâ–ˆâ–ˆâ–ˆâ–ˆâ–ˆâ–ˆâ–ˆâ–ˆ[0m| 30/30 [19:13<00:00, 44.56s/it]                                                               Stabl progress:   0%|[38;2;0;26;123m          [0m| 0/30 [00:00<?, ?it/s]Stabl progress:   3%|[38;2;0;26;123mâ–Ž         [0m| 1/30 [00:04<02:19,  4.81s/it]Stabl progress:   7%|[38;2;0;26;123mâ–‹         [0m| 2/30 [00:13<03:14,  6.95s/it]Stabl progress:  10%|[38;2;0;26;123mâ–ˆ         [0m| 3/30 [00:22<03:38,  8.09s/it]Stabl progress:  13%|[38;2;0;26;123mâ–ˆâ–Ž        [0m| 4/30 [00:32<03:47,  8.77s/it]Stabl progress:  17%|[38;2;0;26;123mâ–ˆâ–‹        [0m| 5/30 [00:44<04:04,  9.77s/it]Stabl progress:  20%|[38;2;0;26;123mâ–ˆâ–ˆ        [0m| 6/30 [00:57<04:26, 11.12s/it]Stabl progress:  23%|[38;2;0;26;123mâ–ˆâ–ˆâ–Ž       [0m| 7/30 [01:13<04:47, 12.48s/it]Stabl progress:  27%|[38;2;0;26;123mâ–ˆâ–ˆâ–‹       [0m| 8/30 [01:29<05:02, 13.75s/it]Stabl progress:  30%|[38;2;0;26;123mâ–ˆâ–ˆâ–ˆ       [0m| 9/30 [01:46<05:12, 14.89s/it]Stabl progress:  33%|[38;2;0;26;123mâ–ˆâ–ˆâ–ˆâ–Ž      [0m| 10/30 [02:05<05:18, 15.93s/it]Stabl progress:  37%|[38;2;0;26;123mâ–ˆâ–ˆâ–ˆâ–‹      [0m| 11/30 [02:24<05:20, 16.88s/it]Stabl progress:  40%|[38;2;0;26;123mâ–ˆâ–ˆâ–ˆâ–ˆ      [0m| 12/30 [02:43<05:17, 17.66s/it]Stabl progress:  43%|[38;2;0;26;123mâ–ˆâ–ˆâ–ˆâ–ˆâ–Ž     [0m| 13/30 [03:03<05:11, 18.33s/it]Stabl progress:  47%|[38;2;0;26;123mâ–ˆâ–ˆâ–ˆâ–ˆâ–‹     [0m| 14/30 [03:23<05:02, 18.91s/it]Stabl progress:  50%|[38;2;0;26;123mâ–ˆâ–ˆâ–ˆâ–ˆâ–ˆ     [0m| 15/30 [03:44<04:51, 19.43s/it]Stabl progress:  53%|[38;2;0;26;123mâ–ˆâ–ˆâ–ˆâ–ˆâ–ˆâ–Ž    [0m| 16/30 [04:06<04:41, 20.13s/it]Stabl progress:  57%|[38;2;0;26;123mâ–ˆâ–ˆâ–ˆâ–ˆâ–ˆâ–‹    [0m| 17/30 [04:29<04:34, 21.15s/it]Stabl progress:  60%|[38;2;0;26;123mâ–ˆâ–ˆâ–ˆâ–ˆâ–ˆâ–ˆ    [0m| 18/30 [04:51<04:16, 21.37s/it]Stabl progress:  63%|[38;2;0;26;123mâ–ˆâ–ˆâ–ˆâ–ˆâ–ˆâ–ˆâ–Ž   [0m| 19/30 [05:15<04:02, 22.04s/it]Stabl progress:  67%|[38;2;0;26;123mâ–ˆâ–ˆâ–ˆâ–ˆâ–ˆâ–ˆâ–‹   [0m| 20/30 [05:37<03:39, 22.00s/it]Stabl progress:  70%|[38;2;0;26;123mâ–ˆâ–ˆâ–ˆâ–ˆâ–ˆâ–ˆâ–ˆ   [0m| 21/30 [05:59<03:18, 22.07s/it]Stabl progress:  73%|[38;2;0;26;123mâ–ˆâ–ˆâ–ˆâ–ˆâ–ˆâ–ˆâ–ˆâ–Ž  [0m| 22/30 [06:21<02:57, 22.17s/it]Stabl progress:  77%|[38;2;0;26;123mâ–ˆâ–ˆâ–ˆâ–ˆâ–ˆâ–ˆâ–ˆâ–‹  [0m| 23/30 [06:44<02:35, 22.26s/it]Stabl progress:  80%|[38;2;0;26;123mâ–ˆâ–ˆâ–ˆâ–ˆâ–ˆâ–ˆâ–ˆâ–ˆ  [0m| 24/30 [07:06<02:14, 22.41s/it]Stabl progress:  83%|[38;2;0;26;123mâ–ˆâ–ˆâ–ˆâ–ˆâ–ˆâ–ˆâ–ˆâ–ˆâ–Ž [0m| 25/30 [07:29<01:52, 22.56s/it]Stabl progress:  87%|[38;2;0;26;123mâ–ˆâ–ˆâ–ˆâ–ˆâ–ˆâ–ˆâ–ˆâ–ˆâ–‹ [0m| 26/30 [07:53<01:31, 22.81s/it]Stabl progress:  90%|[38;2;0;26;123mâ–ˆâ–ˆâ–ˆâ–ˆâ–ˆâ–ˆâ–ˆâ–ˆâ–ˆ [0m| 27/30 [08:16<01:09, 23.04s/it]Stabl progress:  93%|[38;2;0;26;123mâ–ˆâ–ˆâ–ˆâ–ˆâ–ˆâ–ˆâ–ˆâ–ˆâ–ˆâ–Ž[0m| 28/30 [08:40<00:46, 23.18s/it]Stabl progress:  97%|[38;2;0;26;123mâ–ˆâ–ˆâ–ˆâ–ˆâ–ˆâ–ˆâ–ˆâ–ˆâ–ˆâ–‹[0m| 29/30 [09:04<00:23, 23.35s/it]Stabl progress: 100%|[38;2;0;26;123mâ–ˆâ–ˆâ–ˆâ–ˆâ–ˆâ–ˆâ–ˆâ–ˆâ–ˆâ–ˆ[0m| 30/30 [09:27<00:00, 23.46s/it]                                                               Stabl progress:   0%|[38;2;0;26;123m          [0m| 0/30 [00:00<?, ?it/s]Stabl progress:   3%|[38;2;0;26;123mâ–Ž         [0m| 1/30 [00:14<06:54, 14.28s/it]Stabl progress:   7%|[38;2;0;26;123mâ–‹         [0m| 2/30 [00:39<09:33, 20.50s/it]Stabl progress:  10%|[38;2;0;26;123mâ–ˆ         [0m| 3/30 [01:07<10:52, 24.18s/it]Stabl progress:  13%|[38;2;0;26;123mâ–ˆâ–Ž        [0m| 4/30 [01:45<12:46, 29.50s/it]Stabl progress:  17%|[38;2;0;26;123mâ–ˆâ–‹        [0m| 5/30 [02:30<14:41, 35.27s/it]Stabl progress:  20%|[38;2;0;26;123mâ–ˆâ–ˆ        [0m| 6/30 [03:18<15:48, 39.51s/it]Stabl progress:  23%|[38;2;0;26;123mâ–ˆâ–ˆâ–Ž       [0m| 7/30 [04:09<16:35, 43.30s/it]Stabl progress:  27%|[38;2;0;26;123mâ–ˆâ–ˆâ–‹       [0m| 8/30 [05:04<17:10, 46.85s/it]Stabl progress:  30%|[38;2;0;26;123mâ–ˆâ–ˆâ–ˆ       [0m| 9/30 [06:02<17:36, 50.29s/it]Stabl progress:  33%|[38;2;0;26;123mâ–ˆâ–ˆâ–ˆâ–Ž      [0m| 10/30 [07:00<17:35, 52.75s/it]Stabl progress:  37%|[38;2;0;26;123mâ–ˆâ–ˆâ–ˆâ–‹      [0m| 11/30 [07:58<17:14, 54.45s/it]Stabl progress:  40%|[38;2;0;26;123mâ–ˆâ–ˆâ–ˆâ–ˆ      [0m| 12/30 [08:58<16:52, 56.25s/it]Stabl progress:  43%|[38;2;0;26;123mâ–ˆâ–ˆâ–ˆâ–ˆâ–Ž     [0m| 13/30 [09:59<16:16, 57.46s/it]Stabl progress:  47%|[38;2;0;26;123mâ–ˆâ–ˆâ–ˆâ–ˆâ–‹     [0m| 14/30 [11:01<15:42, 58.91s/it]Stabl progress:  50%|[38;2;0;26;123mâ–ˆâ–ˆâ–ˆâ–ˆâ–ˆ     [0m| 15/30 [12:03<14:57, 59.83s/it]Stabl progress:  53%|[38;2;0;26;123mâ–ˆâ–ˆâ–ˆâ–ˆâ–ˆâ–Ž    [0m| 16/30 [13:08<14:17, 61.28s/it]Stabl progress:  57%|[38;2;0;26;123mâ–ˆâ–ˆâ–ˆâ–ˆâ–ˆâ–‹    [0m| 17/30 [14:09<13:17, 61.35s/it]Stabl progress:  60%|[38;2;0;26;123mâ–ˆâ–ˆâ–ˆâ–ˆâ–ˆâ–ˆ    [0m| 18/30 [15:14<12:28, 62.40s/it]Stabl progress:  63%|[38;2;0;26;123mâ–ˆâ–ˆâ–ˆâ–ˆâ–ˆâ–ˆâ–Ž   [0m| 19/30 [16:19<11:35, 63.22s/it]Stabl progress:  67%|[38;2;0;26;123mâ–ˆâ–ˆâ–ˆâ–ˆâ–ˆâ–ˆâ–‹   [0m| 20/30 [17:21<10:29, 62.91s/it]Stabl progress:  70%|[38;2;0;26;123mâ–ˆâ–ˆâ–ˆâ–ˆâ–ˆâ–ˆâ–ˆ   [0m| 21/30 [18:26<09:31, 63.48s/it]Stabl progress:  73%|[38;2;0;26;123mâ–ˆâ–ˆâ–ˆâ–ˆâ–ˆâ–ˆâ–ˆâ–Ž  [0m| 22/30 [19:30<08:28, 63.52s/it]Stabl progress:  77%|[38;2;0;26;123mâ–ˆâ–ˆâ–ˆâ–ˆâ–ˆâ–ˆâ–ˆâ–‹  [0m| 23/30 [20:39<07:36, 65.15s/it]Stabl progress:  80%|[38;2;0;26;123mâ–ˆâ–ˆâ–ˆâ–ˆâ–ˆâ–ˆâ–ˆâ–ˆ  [0m| 24/30 [21:44<06:31, 65.32s/it]Stabl progress:  83%|[38;2;0;26;123mâ–ˆâ–ˆâ–ˆâ–ˆâ–ˆâ–ˆâ–ˆâ–ˆâ–Ž [0m| 25/30 [22:48<05:23, 64.71s/it]Stabl progress:  87%|[38;2;0;26;123mâ–ˆâ–ˆâ–ˆâ–ˆâ–ˆâ–ˆâ–ˆâ–ˆâ–‹ [0m| 26/30 [23:53<04:19, 64.87s/it]Stabl progress:  90%|[38;2;0;26;123mâ–ˆâ–ˆâ–ˆâ–ˆâ–ˆâ–ˆâ–ˆâ–ˆâ–ˆ [0m| 27/30 [25:01<03:17, 65.90s/it]Stabl progress:  93%|[38;2;0;26;123mâ–ˆâ–ˆâ–ˆâ–ˆâ–ˆâ–ˆâ–ˆâ–ˆâ–ˆâ–Ž[0m| 28/30 [26:05<02:10, 65.17s/it]Stabl progress:  97%|[38;2;0;26;123mâ–ˆâ–ˆâ–ˆâ–ˆâ–ˆâ–ˆâ–ˆâ–ˆâ–ˆâ–‹[0m| 29/30 [27:12<01:05, 65.82s/it]Stabl progress: 100%|[38;2;0;26;123mâ–ˆâ–ˆâ–ˆâ–ˆâ–ˆâ–ˆâ–ˆâ–ˆâ–ˆâ–ˆ[0m| 30/30 [28:17<00:00, 65.69s/it]                                                               Traceback (most recent call last):
  File "/home/users/jonasa/.local/lib/python3.9/site-packages/stabl/stabl.py", line 444, in save_stabl_results
    os.makedirs(path)
  File "/share/software/user/open/python/3.9.0/lib/python3.9/os.py", line 225, in makedirs
    mkdir(name, mode)
FileExistsError: [Errno 17] File exists: '../ProtCytofEgaAllData/Results/FinalSTABL'

During handling of the above exception, another exception occurred:

Traceback (most recent call last):
  File "/home/groups/gbrice/Jonas/ProtCytofEgaAllDataSplit/ProtCytofEgaAllDataSplit.py", line 158, in <module>
    save_stabl_results(finalstabl,'../ProtCytofEgaAllData/Results'+'/FinalSTABL/',all_data, all_outcomes.astype(int),task_type='regression') #NEW all data
  File "/home/users/jonasa/.local/lib/python3.9/site-packages/stabl/stabl.py", line 446, in save_stabl_results
    raise FileExistsError(f"Folder with path={path} already exists. If you want to run again please provide another"
FileExistsError: Folder with path=../ProtCytofEgaAllData/Results/FinalSTABL already exists. If you want to run again please provide anotherfolder name
